2013/11/06 06:58:47 [error] [exception.CDbException] exception 'CDbException' with message 'CDbConnection failed to open the DB connection: SQLSTATE[HY000] [1045] Access denied for user 'datasourceuser'@'localhost' (using password: YES)' in E:\xampp\htdocs\yii\framework\db\CDbConnection.php:381
Stack trace:
#0 E:\xampp\htdocs\yii\framework\db\CDbConnection.php(330): CDbConnection->open()
#1 E:\xampp\htdocs\yii\framework\db\CDbConnection.php(308): CDbConnection->setActive(true)
#2 E:\xampp\htdocs\yii\framework\base\CModule.php(387): CDbConnection->init()
#3 E:\xampp\htdocs\yii\framework\base\CApplication.php(438): CModule->getComponent('db')
#4 E:\xampp\htdocs\yii\framework\db\ar\CActiveRecord.php(623): CApplication->getDb()
#5 E:\xampp\htdocs\yii\framework\db\ar\CActiveRecord.php(2309): CActiveRecord->getDbConnection()
#6 E:\xampp\htdocs\yii\framework\db\ar\CActiveRecord.php(387): CActiveRecordMetaData->__construct(Object(User))
#7 E:\xampp\htdocs\GMGR\protected\models\User.php(19): CActiveRecord::model('User')
#8 E:\xampp\htdocs\GMGR\protected\components\UserIdentity.php(7): User::model()
#9 E:\xampp\htdocs\GMGR\protected\models\LoginForm.php(60): UserIdentity->authenticate()
#10 E:\xampp\htdocs\yii\framework\validators\CInlineValidator.php(42): LoginForm->authenticate('password', Array)
#11 E:\xampp\htdocs\yii\framework\validators\CValidator.php(213): CInlineValidator->validateAttribute(Object(LoginForm), 'password')
#12 E:\xampp\htdocs\yii\framework\base\CModel.php(159): CValidator->validate(Object(LoginForm), NULL)
#13 E:\xampp\htdocs\GMGR\protected\controllers\LoginController.php(82): CModel->validate()
#14 E:\xampp\htdocs\yii\framework\web\actions\CInlineAction.php(49): LoginController->actionIndex()
#15 E:\xampp\htdocs\yii\framework\web\CController.php(308): CInlineAction->runWithParams(Array)
#16 E:\xampp\htdocs\yii\framework\web\CController.php(286): CController->runAction(Object(CInlineAction))
#17 E:\xampp\htdocs\yii\framework\web\CController.php(265): CController->runActionWithFilters(Object(CInlineAction), Array)
#18 E:\xampp\htdocs\yii\framework\web\CWebApplication.php(282): CController->run('')
#19 E:\xampp\htdocs\yii\framework\web\CWebApplication.php(141): CWebApplication->runController('')
#20 E:\xampp\htdocs\yii\framework\base\CApplication.php(169): CWebApplication->processRequest()
#21 E:\xampp\htdocs\GMGR\index.php(13): CApplication->run()
#22 {main}
REQUEST_URI=/GMGR/index.php
HTTP_REFERER=http://localhost/GMGR/index.php
---
2013/11/06 07:47:39 [error] [php] fopen(E:\xampp\htdocs\GMGR\protected\modules/../../csv_files/output.csv): failed to open stream: No such file or directory (E:\xampp\htdocs\GMGR\protected\modules\file_toArray.php:41)
Stack trace:
#0 E:\xampp\htdocs\yii\framework\web\actions\CInlineAction.php(49): SiteController->actionImporter()
#1 E:\xampp\htdocs\yii\framework\web\CController.php(308): CInlineAction->runWithParams()
#2 E:\xampp\htdocs\yii\framework\web\CController.php(286): SiteController->runAction()
#3 E:\xampp\htdocs\yii\framework\web\CController.php(265): SiteController->runActionWithFilters()
#4 E:\xampp\htdocs\yii\framework\web\CWebApplication.php(282): SiteController->run()
#5 E:\xampp\htdocs\yii\framework\web\CWebApplication.php(141): CWebApplication->runController()
#6 E:\xampp\htdocs\yii\framework\base\CApplication.php(169): CWebApplication->processRequest()
#7 E:\xampp\htdocs\GMGR\index.php(13): CWebApplication->run()
REQUEST_URI=/GMGR/index.php?r=site/importer
in E:\xampp\htdocs\GMGR\protected\modules\file_toArray.php (41)
in E:\xampp\htdocs\GMGR\protected\controllers\SiteController.php (186)
in E:\xampp\htdocs\GMGR\index.php (13)
2013/11/06 07:47:49 [error] [php] fopen(E:\xampp\htdocs\GMGR\protected\modules/../../csv_files/output.csv): failed to open stream: No such file or directory (E:\xampp\htdocs\GMGR\protected\modules\file_toArray.php:41)
Stack trace:
#0 E:\xampp\htdocs\yii\framework\web\actions\CInlineAction.php(49): SiteController->actionImporter()
#1 E:\xampp\htdocs\yii\framework\web\CController.php(308): CInlineAction->runWithParams()
#2 E:\xampp\htdocs\yii\framework\web\CController.php(286): SiteController->runAction()
#3 E:\xampp\htdocs\yii\framework\web\CController.php(265): SiteController->runActionWithFilters()
#4 E:\xampp\htdocs\yii\framework\web\CWebApplication.php(282): SiteController->run()
#5 E:\xampp\htdocs\yii\framework\web\CWebApplication.php(141): CWebApplication->runController()
#6 E:\xampp\htdocs\yii\framework\base\CApplication.php(169): CWebApplication->processRequest()
#7 E:\xampp\htdocs\GMGR\index.php(13): CWebApplication->run()
REQUEST_URI=/GMGR/index.php?r=site/importer
in E:\xampp\htdocs\GMGR\protected\modules\file_toArray.php (41)
in E:\xampp\htdocs\GMGR\protected\controllers\SiteController.php (186)
in E:\xampp\htdocs\GMGR\index.php (13)
2013/11/06 07:54:34 [error] [php] fopen(E:\xampp\htdocs\GMGR\protected\modules/../../csv_files/output.csv): failed to open stream: No such file or directory (E:\xampp\htdocs\GMGR\protected\modules\file_toArray.php:41)
Stack trace:
#0 E:\xampp\htdocs\yii\framework\web\actions\CInlineAction.php(49): SiteController->actionImporter()
#1 E:\xampp\htdocs\yii\framework\web\CController.php(308): CInlineAction->runWithParams()
#2 E:\xampp\htdocs\yii\framework\web\CController.php(286): SiteController->runAction()
#3 E:\xampp\htdocs\yii\framework\web\CController.php(265): SiteController->runActionWithFilters()
#4 E:\xampp\htdocs\yii\framework\web\CWebApplication.php(282): SiteController->run()
#5 E:\xampp\htdocs\yii\framework\web\CWebApplication.php(141): CWebApplication->runController()
#6 E:\xampp\htdocs\yii\framework\base\CApplication.php(169): CWebApplication->processRequest()
#7 E:\xampp\htdocs\GMGR\index.php(13): CWebApplication->run()
REQUEST_URI=/GMGR/index.php?r=site/importer
in E:\xampp\htdocs\GMGR\protected\modules\file_toArray.php (41)
in E:\xampp\htdocs\GMGR\protected\controllers\SiteController.php (186)
in E:\xampp\htdocs\GMGR\index.php (13)
